
<!DOCTYPE html>
<html>


<head>
	<meta charset='UTF-8' /> 
	<meta name='description' content='' />
	<meta name='robots' content='noodp, noydir' />
	<meta name='viewport' content='width=device-width, initial-scale=1' />
	<meta id="timeStampFormat" name="timeStampFormat" content='MMM d, yyyy hh:mm:ss a'/>
	
	<link href='https://fonts.googleapis.com/css?family=Source+Sans+Pro:400,600' rel='stylesheet' type='text/css'>
	<link href="https://fonts.googleapis.com/icon?family=Material+Icons" rel="stylesheet">

		<link href='https://cdn.rawgit.com/anshooarora/extentreports-java/b4a58fcfd1e137bd9287244035a7c80d3d73b3af/dist/css/extent.css' type='text/css' rel='stylesheet' />
	
	<title>NopCommerce - Cucumber Framework</title>

	<style type='text/css'>
			
            

      
        
	</style>
</head>

	<body class='extent dark default hide-overflow bdd-report'>
		<div id='theme-selector' alt='Click to toggle theme. To enable by default, use theme configuration.' title='Click to toggle theme. To enable by default, use theme configuration.'>
			<span><i class='material-icons'>desktop_windows</i></span>
		</div>

<nav>
	<div class="nav-wrapper">
		<a href="#!" class="brand-logo blue darken-3">Extent</a>

		<!-- slideout menu -->
		<ul id='slide-out' class='side-nav fixed hide-on-med-and-down'>
			<li class='waves-effect active'><a href='#!' view='test-view' onclick="configureView(0);chartsView('test');"><i class='material-icons'>dashboard</i></a></li>
						<li class='waves-effect'><a href='#!' view='category-view' onclick="configureView(1)"><i class='material-icons'>label_outline</i></a></li>
			<li class='waves-effect'><a href='#!' view='exception-view' onclick="configureView(2)"><i class='material-icons'>bug_report</i></a></li>
			<li class='waves-effect'><a href='#!' onclick="configureView(-1);chartsView('dashboard');" view='dashboard-view'><i class='material-icons'>track_changes</i></i></a></li>
		</ul>

		<!-- report name -->
		<span class='report-name'>Cucumber Report</span>
		
		<!-- report headline -->
		<span class='report-headline'></span>

		<!-- nav-right -->
		<ul id='nav-mobile' class='right hide-on-med-and-down nav-right'>
			<li>
                <a href='#!'>
                    <span class='label suite-start-time blue darken-3'>Dec 20, 2022 09:13:16 PM</span>
				</a>
			</li>
			<li>
                <a href='#!'>
                    <span class='label blue darken-3'>3.1.2</span>
				</a>
			</li>
		</ul>
	</div>
</nav>

		<!-- container -->
		<div class='container'>

<div id='test-view' class='view'>
				
	<section id='controls'>
		<div class='controls grey lighten-4'>
			<!-- test toggle -->
			<div class='chip transparent'>
				<a class='dropdown-button tests-toggle' data-activates='tests-toggle' data-constrainwidth='true' data-beloworigin='true' data-hover='true' href='#'>
					<i class='material-icons'>warning</i> Status
				</a>
				<ul id='tests-toggle' class='dropdown-content'>
											<li status='pass'><a href='#!'>Pass <i class='material-icons green-text'>check_circle</i></a></li>
						<li status='fail'><a href='#!'>Fail <i class='material-icons red-text'>cancel</i></a></li>
					<li class='divider'></li>
					<li status='clear' clear='true'><a href='#!'>Clear Filters <i class='material-icons'>clear</i></a></li>
				</ul>
			</div>
			<!-- test toggle -->

			<!-- category toggle -->
			<div class='chip transparent'>
				<a class='dropdown-button category-toggle' data-activates='category-toggle' data-constrainwidth='false' data-beloworigin='true' data-hover='true' href='#'>
					<i class='material-icons'>local_offer</i> Category
				</a>
				<ul id='category-toggle' class='dropdown-content'>
					<li><a href='#'>@regression</a></li>
					<li><a href='#'>@sanity</a></li>
					<li class='divider'></li>
					<li class='clear'><a href='#!' clear='true'>Clear Filters</a></li>
				</ul>
			</div>
			<!-- category toggle -->

			<!-- clear filters -->
			<div class='chip transparent hide'>
				<a class='' id='clear-filters' alt='Clear Filters' title='Clear Filters'>
					<i class='material-icons'>close</i> Clear
				</a>
			</div>
			<!-- clear filters -->

			<!-- enable dashboard -->
			<div id='toggle-test-view-charts' class='chip transparent'>
				<a class='pink-text' id='enable-dashboard' alt='Enable Dashboard' title='Enable Dashboard'>
					<i class='material-icons'>track_changes</i> Dashboard
				</a>
			</div>
			<!-- enable dashboard -->

			<!-- search -->
			<div class='chip transparent' alt='Search Tests' title='Search Tests'>
				<a href="#" class='search-div'>
					<i class='material-icons'>search</i> Search
				</a>

				<div class='input-field left hide'>
					<input id='search-tests' type='text' class='validate browser-default' placeholder='Search Tests...'>
				</div>
				
			</div>
			<!-- search -->
		</div>
	</section>


<div id='test-view-charts' class='subview-full'>
	<div id='charts-row' class='row nm-v nm-h'>
		<div class='col s12 m4 l4 np-h'>
			<div class='card-panel nm-v'>
				<div class='left panel-name'>Features</div>
				<div class='chart-box'>
					<canvas id='parent-analysis' width='100' height='80'></canvas>
				</div>
				<div class='block text-small'>
					<span class='tooltipped' data-position='top' data-tooltip='50%'><span class='strong'>1</span> feature(s) passed</span>
				</div>
				<div class='block text-small'>
					<span class='strong tooltipped' data-position='top' data-tooltip='50%'>1</span> feature(s) failed, <span class='strong tooltipped' data-position='top' data-tooltip='0%'>0</span> others
				</div>
			</div>
		</div>
		
		<div class='col s12 m4 l4 np-h'>
			<div class='card-panel nm-v'>
				<div class='left panel-name'>Scenarios</div>
				<div class='chart-box'>
					<canvas id='child-analysis' width='100' height='80'></canvas>
				</div>
				<div class='block text-small'>
					<span class='tooltipped' data-position='top' data-tooltip='37.5%'><span class='strong'>3</span> scenario(s) passed</span>
				</div>
				<div class='block text-small'>
					<span class='strong tooltipped' data-position='top' data-tooltip='62.5%'>5</span> scenario(s) failed, <span class='strong tooltipped' data-position='top' data-tooltip='0%'>0</span> others
				</div>
			</div>
		</div>
		
		<div class='col s12 m4 l4 np-h'>
			<div class='card-panel nm-v'>
				<div class='left panel-name'>Steps</div>
				<div class='chart-box'>
					<canvas id='grandchild-analysis' width='100' height='80'></canvas>
				</div>
				<div class='block text-small'>
					<span class='tooltipped' data-position='top' data-tooltip='86.842%'><span class='strong'>33</span> step(s) passed</span>
				</div>
				<div class='block text-small'>
					<span class='strong tooltipped' data-position='top' data-tooltip='13.158%'>5</span> step(s) failed, <span class='strong tooltipped' data-position='top' data-tooltip='0%'>0</span> others
				</div>
			</div>
		</div>
	</div>
</div>

	<div class='subview-left left'>
		
		<div class='view-summary'>
			<h5>Features</h5>
			<ul id='test-collection' class='test-collection'>
				
				
				<li class='test displayed active has-leaf pass' status='pass' bdd='true' test-id='1'>
					<div class='test-heading'>
						<span class='test-name'>Login Test</span>
						<span class='test-time'>Dec 20, 2022 09:13:16 PM</span>
						<span class='test-status right pass'>pass</span>
					</div>
					<div class='test-content hide'>
<div class='scenariooutline node' test-id='2' status='pass'>
	<span class='duration right label'>0h 0m 17s+795ms</span>
	<div class='desc'>
		<b>ScenarioOutline</b>
		<span class="desc-text">Verify the error message with invalid credentials</span>
	</div>
	<ul class='steps'>
		<li test-id='3' class='node scenario pass' status='pass'>
			<div class='category-list'>
				<span class='category label white-text'>@regression</span>
				<span class='category label white-text'>@sanity</span>
			</div>
			
			<b>Scenario</b>
			
			<span class="bdd-step-name">Verify the error message with invalid credentials</span>
			
				<ul class='steps'>
					<li test-id='4' class='node given pass' status='pass'><b>Given</b>
						<span class="bdd-step-name">Given I am on homepage</span>
							<div class='pre'>passed</div>
					</li>
					<li test-id='5' class='node when pass' status='pass'><b>When</b>
						<span class="bdd-step-name">When I click on login link</span>
							<div class='pre'>passed</div>
					</li>
					<li test-id='6' class='node and pass' status='pass'><b>And</b>
						<span class="bdd-step-name">And I enter email "qwerty123@gmail.com"</span>
							<div class='pre'>passed</div>
					</li>
					<li test-id='7' class='node and pass' status='pass'><b>And</b>
						<span class="bdd-step-name">And I enter password "qazwsx12"</span>
							<div class='pre'>passed</div>
					</li>
					<li test-id='8' class='node and pass' status='pass'><b>And</b>
						<span class="bdd-step-name">And I click on login button</span>
							<div class='pre'>passed</div>
					</li>
					<li test-id='9' class='node then pass' status='pass'><b>Then</b>
						<span class="bdd-step-name">Then I should besee the error message "Login was unsuccessful. Please correct the errors and try again.
No customer account found"</span>
							<div class='pre'>passed</div>
					</li>
				</ul>
		</li>
		<li test-id='10' class='node scenario pass' status='pass'>
			<div class='category-list'>
				<span class='category label white-text'>@regression</span>
				<span class='category label white-text'>@sanity</span>
			</div>
			
			<b>Scenario</b>
			
			<span class="bdd-step-name">Verify the error message with invalid credentials</span>
			
				<ul class='steps'>
					<li test-id='11' class='node given pass' status='pass'><b>Given</b>
						<span class="bdd-step-name">Given I am on homepage</span>
							<div class='pre'>passed</div>
					</li>
					<li test-id='12' class='node when pass' status='pass'><b>When</b>
						<span class="bdd-step-name">When I click on login link</span>
							<div class='pre'>passed</div>
					</li>
					<li test-id='13' class='node and pass' status='pass'><b>And</b>
						<span class="bdd-step-name">And I enter email "xyz890@gmail.com"</span>
							<div class='pre'>passed</div>
					</li>
					<li test-id='14' class='node and pass' status='pass'><b>And</b>
						<span class="bdd-step-name">And I enter password "qazwsx"</span>
							<div class='pre'>passed</div>
					</li>
					<li test-id='15' class='node and pass' status='pass'><b>And</b>
						<span class="bdd-step-name">And I click on login button</span>
							<div class='pre'>passed</div>
					</li>
					<li test-id='16' class='node then pass' status='pass'><b>Then</b>
						<span class="bdd-step-name">Then I should besee the error message "Login was unsuccessful. Please correct the errors and try again.
No customer account found"</span>
							<div class='pre'>passed</div>
					</li>
				</ul>
		</li>
		<li test-id='17' class='node scenario pass' status='pass'>
			<div class='category-list'>
				<span class='category label white-text'>@regression</span>
				<span class='category label white-text'>@sanity</span>
			</div>
			
			<b>Scenario</b>
			
			<span class="bdd-step-name">Verify the error message with invalid credentials</span>
			
				<ul class='steps'>
					<li test-id='18' class='node given pass' status='pass'><b>Given</b>
						<span class="bdd-step-name">Given I am on homepage</span>
							<div class='pre'>passed</div>
					</li>
					<li test-id='19' class='node when pass' status='pass'><b>When</b>
						<span class="bdd-step-name">When I click on login link</span>
							<div class='pre'>passed</div>
					</li>
					<li test-id='20' class='node and pass' status='pass'><b>And</b>
						<span class="bdd-step-name">And I enter email "qwerty@gmail.com"</span>
							<div class='pre'>passed</div>
					</li>
					<li test-id='21' class='node and pass' status='pass'><b>And</b>
						<span class="bdd-step-name">And I enter password "qwerty123"</span>
							<div class='pre'>passed</div>
					</li>
					<li test-id='22' class='node and pass' status='pass'><b>And</b>
						<span class="bdd-step-name">And I click on login button</span>
							<div class='pre'>passed</div>
					</li>
					<li test-id='23' class='node then pass' status='pass'><b>Then</b>
						<span class="bdd-step-name">Then I should besee the error message "Login was unsuccessful. Please correct the errors and try again.
No customer account found"</span>
							<div class='pre'>passed</div>
					</li>
				</ul>
		</li>
	</ul>
</div>
					</div>
				</li>
				
				
				<li class='test displayed active has-leaf fail' status='fail' bdd='true' test-id='24'>
					<div class='test-heading'>
						<span class='test-name'>Login Test</span>
						<span class='test-time'>Dec 20, 2022 09:13:35 PM</span>
						<span class='test-status right fail'>fail</span>
					</div>
					<div class='test-content hide'>
<div class='scenariooutline node' test-id='25' status='fail'>
	<span class='duration right label'>0h 0m 20s+723ms</span>
	<div class='desc'>
		<b>ScenarioOutline</b>
		<span class="desc-text">Verify that firstname lastname email password and confirm password fields are mandatory</span>
	</div>
	<ul class='steps'>
		<li test-id='26' class='node scenario fail' status='fail'>
			<div class='category-list'>
				<span class='category label white-text'>@regression</span>
				<span class='category label white-text'>@sanity</span>
			</div>
			
			<b>Scenario</b>
			
			<span class="bdd-step-name">Verify that firstname lastname email password and confirm password fields are mandatory</span>
			
				<ul class='steps'>
					<li test-id='27' class='node given pass' status='pass'><b>Given</b>
						<span class="bdd-step-name">Given I am on homepage</span>
							<div class='pre'>passed</div>
					</li>
					<li test-id='28' class='node when pass' status='pass'><b>When</b>
						<span class="bdd-step-name">When I click on register link</span>
							<div class='pre'>passed</div>
					</li>
					<li test-id='29' class='node and pass' status='pass'><b>And</b>
						<span class="bdd-step-name">And I click on register button</span>
							<div class='pre'>passed</div>
					</li>
					<li test-id='30' class='node then fail' status='fail'><b>Then</b>
						<span class="bdd-step-name">Then I should see the error message "First name is required." for fieldName "FirstName"</span>
						<ul class='screenshots right'>
							<li><a data-featherlight="image" href="C:\Users\Manas Vibhakar\IdeaProjects\nopcucutv1/src/main/java/com/nopcommerce/demo/screenshots/Verify_that_firstname_lastname_email_password_and_confirm_password_fields_are_mandatory20221220091338.png"><i class='material-icons'>panorama</i></a></li>
						</ul>
							<div class='pre'><textarea>java.lang.AssertionError: error message is not displayed expected:<null> but was:<FirstName>
	at org.junit.Assert.fail(Assert.java:88)
	at org.junit.Assert.failNotEquals(Assert.java:743)
	at org.junit.Assert.assertEquals(Assert.java:118)
	at com.nopcommerce.demo.cucumber.steps.RegistrationSteps.iShouldSeeTheErrorMessageForFieldName(RegistrationSteps.java:32)
	at ✽.Then I should see the error message "First name is required." for fieldName "FirstName"(RegisterPage.feature:17)
</textarea></div>
					</li>
				</ul>
		</li>
		<li test-id='31' class='node scenario fail' status='fail'>
			<div class='category-list'>
				<span class='category label white-text'>@regression</span>
				<span class='category label white-text'>@sanity</span>
			</div>
			
			<b>Scenario</b>
			
			<span class="bdd-step-name">Verify that firstname lastname email password and confirm password fields are mandatory</span>
			
				<ul class='steps'>
					<li test-id='32' class='node given pass' status='pass'><b>Given</b>
						<span class="bdd-step-name">Given I am on homepage</span>
							<div class='pre'>passed</div>
					</li>
					<li test-id='33' class='node when pass' status='pass'><b>When</b>
						<span class="bdd-step-name">When I click on register link</span>
							<div class='pre'>passed</div>
					</li>
					<li test-id='34' class='node and pass' status='pass'><b>And</b>
						<span class="bdd-step-name">And I click on register button</span>
							<div class='pre'>passed</div>
					</li>
					<li test-id='35' class='node then fail' status='fail'><b>Then</b>
						<span class="bdd-step-name">Then I should see the error message "Last name is required." for fieldName "LastName"</span>
						<ul class='screenshots right'>
							<li><a data-featherlight="image" href="C:\Users\Manas Vibhakar\IdeaProjects\nopcucutv1/src/main/java/com/nopcommerce/demo/screenshots/Verify_that_firstname_lastname_email_password_and_confirm_password_fields_are_mandatory20221220091342.png"><i class='material-icons'>panorama</i></a></li>
						</ul>
							<div class='pre'><textarea>java.lang.AssertionError: error message is not displayed expected:<null> but was:<LastName>
	at org.junit.Assert.fail(Assert.java:88)
	at org.junit.Assert.failNotEquals(Assert.java:743)
	at org.junit.Assert.assertEquals(Assert.java:118)
	at com.nopcommerce.demo.cucumber.steps.RegistrationSteps.iShouldSeeTheErrorMessageForFieldName(RegistrationSteps.java:32)
	at ✽.Then I should see the error message "Last name is required." for fieldName "LastName"(RegisterPage.feature:17)
</textarea></div>
					</li>
				</ul>
		</li>
		<li test-id='36' class='node scenario fail' status='fail'>
			<div class='category-list'>
				<span class='category label white-text'>@regression</span>
				<span class='category label white-text'>@sanity</span>
			</div>
			
			<b>Scenario</b>
			
			<span class="bdd-step-name">Verify that firstname lastname email password and confirm password fields are mandatory</span>
			
				<ul class='steps'>
					<li test-id='37' class='node given pass' status='pass'><b>Given</b>
						<span class="bdd-step-name">Given I am on homepage</span>
							<div class='pre'>passed</div>
					</li>
					<li test-id='38' class='node when pass' status='pass'><b>When</b>
						<span class="bdd-step-name">When I click on register link</span>
							<div class='pre'>passed</div>
					</li>
					<li test-id='39' class='node and pass' status='pass'><b>And</b>
						<span class="bdd-step-name">And I click on register button</span>
							<div class='pre'>passed</div>
					</li>
					<li test-id='40' class='node then fail' status='fail'><b>Then</b>
						<span class="bdd-step-name">Then I should see the error message "Email is required." for fieldName "Email"</span>
						<ul class='screenshots right'>
							<li><a data-featherlight="image" href="C:\Users\Manas Vibhakar\IdeaProjects\nopcucutv1/src/main/java/com/nopcommerce/demo/screenshots/Verify_that_firstname_lastname_email_password_and_confirm_password_fields_are_mandatory20221220091346.png"><i class='material-icons'>panorama</i></a></li>
						</ul>
							<div class='pre'><textarea>java.lang.AssertionError: error message is not displayed expected:<null> but was:<Email>
	at org.junit.Assert.fail(Assert.java:88)
	at org.junit.Assert.failNotEquals(Assert.java:743)
	at org.junit.Assert.assertEquals(Assert.java:118)
	at com.nopcommerce.demo.cucumber.steps.RegistrationSteps.iShouldSeeTheErrorMessageForFieldName(RegistrationSteps.java:32)
	at ✽.Then I should see the error message "Email is required." for fieldName "Email"(RegisterPage.feature:17)
</textarea></div>
					</li>
				</ul>
		</li>
		<li test-id='41' class='node scenario fail' status='fail'>
			<div class='category-list'>
				<span class='category label white-text'>@regression</span>
				<span class='category label white-text'>@sanity</span>
			</div>
			
			<b>Scenario</b>
			
			<span class="bdd-step-name">Verify that firstname lastname email password and confirm password fields are mandatory</span>
			
				<ul class='steps'>
					<li test-id='42' class='node given pass' status='pass'><b>Given</b>
						<span class="bdd-step-name">Given I am on homepage</span>
							<div class='pre'>passed</div>
					</li>
					<li test-id='43' class='node when pass' status='pass'><b>When</b>
						<span class="bdd-step-name">When I click on register link</span>
							<div class='pre'>passed</div>
					</li>
					<li test-id='44' class='node and pass' status='pass'><b>And</b>
						<span class="bdd-step-name">And I click on register button</span>
							<div class='pre'>passed</div>
					</li>
					<li test-id='45' class='node then fail' status='fail'><b>Then</b>
						<span class="bdd-step-name">Then I should see the error message "Password is required." for fieldName "Password"</span>
						<ul class='screenshots right'>
							<li><a data-featherlight="image" href="C:\Users\Manas Vibhakar\IdeaProjects\nopcucutv1/src/main/java/com/nopcommerce/demo/screenshots/Verify_that_firstname_lastname_email_password_and_confirm_password_fields_are_mandatory20221220091351.png"><i class='material-icons'>panorama</i></a></li>
						</ul>
							<div class='pre'><textarea>java.lang.AssertionError: error message is not displayed expected:<null> but was:<Password>
	at org.junit.Assert.fail(Assert.java:88)
	at org.junit.Assert.failNotEquals(Assert.java:743)
	at org.junit.Assert.assertEquals(Assert.java:118)
	at com.nopcommerce.demo.cucumber.steps.RegistrationSteps.iShouldSeeTheErrorMessageForFieldName(RegistrationSteps.java:32)
	at ✽.Then I should see the error message "Password is required." for fieldName "Password"(RegisterPage.feature:17)
</textarea></div>
					</li>
				</ul>
		</li>
		<li test-id='46' class='node scenario fail' status='fail'>
			<div class='category-list'>
				<span class='category label white-text'>@regression</span>
				<span class='category label white-text'>@sanity</span>
			</div>
			
			<b>Scenario</b>
			
			<span class="bdd-step-name">Verify that firstname lastname email password and confirm password fields are mandatory</span>
			
				<ul class='steps'>
					<li test-id='47' class='node given pass' status='pass'><b>Given</b>
						<span class="bdd-step-name">Given I am on homepage</span>
							<div class='pre'>passed</div>
					</li>
					<li test-id='48' class='node when pass' status='pass'><b>When</b>
						<span class="bdd-step-name">When I click on register link</span>
							<div class='pre'>passed</div>
					</li>
					<li test-id='49' class='node and pass' status='pass'><b>And</b>
						<span class="bdd-step-name">And I click on register button</span>
							<div class='pre'>passed</div>
					</li>
					<li test-id='50' class='node then fail' status='fail'><b>Then</b>
						<span class="bdd-step-name">Then I should see the error message "Password is required." for fieldName "ConfirmPassword"</span>
						<ul class='screenshots right'>
							<li><a data-featherlight="image" href="C:\Users\Manas Vibhakar\IdeaProjects\nopcucutv1/src/main/java/com/nopcommerce/demo/screenshots/Verify_that_firstname_lastname_email_password_and_confirm_password_fields_are_mandatory20221220091355.png"><i class='material-icons'>panorama</i></a></li>
						</ul>
							<div class='pre'><textarea>java.lang.AssertionError: error message is not displayed expected:<null> but was:<ConfirmPassword>
	at org.junit.Assert.fail(Assert.java:88)
	at org.junit.Assert.failNotEquals(Assert.java:743)
	at org.junit.Assert.assertEquals(Assert.java:118)
	at com.nopcommerce.demo.cucumber.steps.RegistrationSteps.iShouldSeeTheErrorMessageForFieldName(RegistrationSteps.java:32)
	at ✽.Then I should see the error message "Password is required." for fieldName "ConfirmPassword"(RegisterPage.feature:17)
</textarea></div>
					</li>
				</ul>
		</li>
	</ul>
</div>
					</div>
				</li>
			</ul>
		</div>
	</div>
	<!-- subview left -->

	<div class='subview-right left'>
		<div class='view-summary'>
			<h5 class='test-name'></h5>

			<div id='step-filters' class="right">
				<span class="blue-text" status="info" alt="info" title="info"><i class="material-icons">info_outline</i></span>
				<span class="green-text" status="pass" alt="pass" title="pass"><i class="material-icons">check_circle</i></span>
				<span class="red-text" status="fail" alt="fail" title="fail"><i class="material-icons">cancel</i></span>
				<span class="red-text text-darken-4" status="fatal" alt="fatal" title="fatal"><i class="material-icons">cancel</i></span>
				<span class="pink-text text-lighten-1" status="error" alt="error" title="error"><i class="material-icons">error</i></span>
				<span class="orange-text" alt="warning" status="warning" title="warning"><i class="material-icons">warning</i></span>
				<span class="teal-text" status="skip" alt="skip" title="skip"><i class="material-icons">redo</i></span>
				<span status="clear" alt="Clear filters" title="Clear filters"><i class="material-icons">clear</i></span>
			</div>
		</div>
	</div>
	<!-- subview right -->

</div>
<!-- test view -->
<div id='category-view' class='view hide'>

	<section id='controls'>
		<div class='controls grey lighten-4'>
			<!-- search -->
			<div class='chip transparent' alt='Search Tests' title='Search Tests'>
				<a href="#" class='search-div'>
					<i class='material-icons'>search</i> Search
				</a>
				
				<div class='input-field left hide'>
					<input id='search-tests' type='text' class='validate browser-default' placeholder='Search Tests...'>
				</div>
				
			</div>
			<!-- search -->
		</div>
	</section>

	<div class='subview-left left'>
		
		<div class='view-summary'>
			<h5>Categories</h3>
			<ul id='category-collection' class='category-collection'>
				
				<li class='category displayed active'>
					<div class='category-heading'>
						<span class='category-name'>@regression</span>
						<span class='category-status right'>
							<span class='label pass'>4</span>
							<span class='label fail'>6</span>
						</span>
					</div>
					<div class='category-content hide'>
						<div class='category-status-counts'>
							<span class='label green accent-4 white-text'>Passed: 4</span>
							<span class='label red lighten-1 white-text'>Failed: 6</span>
							
						</div>
					
						<div class='category-tests'>
							<table class='bordered table-results'>
								<thead>
									<tr>
										<th>Timestamp</th>
										<th>TestName</th>
										<th>Status</th>
									</tr>
								</thead>
								<tbody>
									<tr>
										<td>Dec 20, 2022 09:13:16 PM</td>
										<td class='linked' test-id='1'>Login Test</td>
										<td><span class='test-status pass'>pass</span></td>
									</tr>
									<tr>
										<td>Dec 20, 2022 09:13:16 PM</td>
										<td class='linked' test-id='3'>Login Test.Verify the error message with invalid credentials.Verify the error message with invalid credentials</td>
										<td><span class='test-status pass'>pass</span></td>
									</tr>
									<tr>
										<td>Dec 20, 2022 09:13:25 PM</td>
										<td class='linked' test-id='10'>Login Test.Verify the error message with invalid credentials.Verify the error message with invalid credentials</td>
										<td><span class='test-status pass'>pass</span></td>
									</tr>
									<tr>
										<td>Dec 20, 2022 09:13:30 PM</td>
										<td class='linked' test-id='17'>Login Test.Verify the error message with invalid credentials.Verify the error message with invalid credentials</td>
										<td><span class='test-status pass'>pass</span></td>
									</tr>
									<tr>
										<td>Dec 20, 2022 09:13:35 PM</td>
										<td class='linked' test-id='24'>Login Test</td>
										<td><span class='test-status fail'>fail</span></td>
									</tr>
									<tr>
										<td>Dec 20, 2022 09:13:35 PM</td>
										<td class='linked' test-id='26'>Login Test.Verify that firstname lastname email password and confirm password fields are mandatory.Verify that firstname lastname email password and confirm password fields are mandatory</td>
										<td><span class='test-status fail'>fail</span></td>
									</tr>
									<tr>
										<td>Dec 20, 2022 09:13:39 PM</td>
										<td class='linked' test-id='31'>Login Test.Verify that firstname lastname email password and confirm password fields are mandatory.Verify that firstname lastname email password and confirm password fields are mandatory</td>
										<td><span class='test-status fail'>fail</span></td>
									</tr>
									<tr>
										<td>Dec 20, 2022 09:13:43 PM</td>
										<td class='linked' test-id='36'>Login Test.Verify that firstname lastname email password and confirm password fields are mandatory.Verify that firstname lastname email password and confirm password fields are mandatory</td>
										<td><span class='test-status fail'>fail</span></td>
									</tr>
									<tr>
										<td>Dec 20, 2022 09:13:47 PM</td>
										<td class='linked' test-id='41'>Login Test.Verify that firstname lastname email password and confirm password fields are mandatory.Verify that firstname lastname email password and confirm password fields are mandatory</td>
										<td><span class='test-status fail'>fail</span></td>
									</tr>
									<tr>
										<td>Dec 20, 2022 09:13:52 PM</td>
										<td class='linked' test-id='46'>Login Test.Verify that firstname lastname email password and confirm password fields are mandatory.Verify that firstname lastname email password and confirm password fields are mandatory</td>
										<td><span class='test-status fail'>fail</span></td>
									</tr>
								</tbody>
							</table>
						</div>
					</div>
				</li>
				<li class='category displayed active'>
					<div class='category-heading'>
						<span class='category-name'>@sanity</span>
						<span class='category-status right'>
							<span class='label pass'>3</span>
							<span class='label fail'>5</span>
						</span>
					</div>
					<div class='category-content hide'>
						<div class='category-status-counts'>
							<span class='label green accent-4 white-text'>Passed: 3</span>
							<span class='label red lighten-1 white-text'>Failed: 5</span>
							
						</div>
					
						<div class='category-tests'>
							<table class='bordered table-results'>
								<thead>
									<tr>
										<th>Timestamp</th>
										<th>TestName</th>
										<th>Status</th>
									</tr>
								</thead>
								<tbody>
									<tr>
										<td>Dec 20, 2022 09:13:16 PM</td>
										<td class='linked' test-id='3'>Login Test.Verify the error message with invalid credentials.Verify the error message with invalid credentials</td>
										<td><span class='test-status pass'>pass</span></td>
									</tr>
									<tr>
										<td>Dec 20, 2022 09:13:25 PM</td>
										<td class='linked' test-id='10'>Login Test.Verify the error message with invalid credentials.Verify the error message with invalid credentials</td>
										<td><span class='test-status pass'>pass</span></td>
									</tr>
									<tr>
										<td>Dec 20, 2022 09:13:30 PM</td>
										<td class='linked' test-id='17'>Login Test.Verify the error message with invalid credentials.Verify the error message with invalid credentials</td>
										<td><span class='test-status pass'>pass</span></td>
									</tr>
									<tr>
										<td>Dec 20, 2022 09:13:35 PM</td>
										<td class='linked' test-id='26'>Login Test.Verify that firstname lastname email password and confirm password fields are mandatory.Verify that firstname lastname email password and confirm password fields are mandatory</td>
										<td><span class='test-status fail'>fail</span></td>
									</tr>
									<tr>
										<td>Dec 20, 2022 09:13:39 PM</td>
										<td class='linked' test-id='31'>Login Test.Verify that firstname lastname email password and confirm password fields are mandatory.Verify that firstname lastname email password and confirm password fields are mandatory</td>
										<td><span class='test-status fail'>fail</span></td>
									</tr>
									<tr>
										<td>Dec 20, 2022 09:13:43 PM</td>
										<td class='linked' test-id='36'>Login Test.Verify that firstname lastname email password and confirm password fields are mandatory.Verify that firstname lastname email password and confirm password fields are mandatory</td>
										<td><span class='test-status fail'>fail</span></td>
									</tr>
									<tr>
										<td>Dec 20, 2022 09:13:47 PM</td>
										<td class='linked' test-id='41'>Login Test.Verify that firstname lastname email password and confirm password fields are mandatory.Verify that firstname lastname email password and confirm password fields are mandatory</td>
										<td><span class='test-status fail'>fail</span></td>
									</tr>
									<tr>
										<td>Dec 20, 2022 09:13:52 PM</td>
										<td class='linked' test-id='46'>Login Test.Verify that firstname lastname email password and confirm password fields are mandatory.Verify that firstname lastname email password and confirm password fields are mandatory</td>
										<td><span class='test-status fail'>fail</span></td>
									</tr>
								</tbody>
							</table>
						</div>
					</div>
				</li>

			</ul>
		</div>
	</div>

	<div class='subview-right left'>
		<div class='view-summary'>
			<h5 class='category-name'></h5>
		</div>
	</div>
</div>
<!-- category view -->
<div id='exception-view' class='view hide'>

    <section id='controls'>
        <div class='controls grey lighten-4'>
            <!-- search -->
            <div class='chip transparent' alt='Search Tests' title='Search Tests'>
                <a href="#" class='search-div'>
                    <i class='material-icons'>search</i> Search
                </a>

                <div class='input-field left hide'>
                    <input id='search-tests' type='text' class='validate browser-default' placeholder='Search Tests...'>
                </div>

            </div>
            <!-- search -->
        </div>
    </section>

    <div class='subview-left left'>

        <div class='view-summary'>
            <h5>Exceptions</h3>
                <ul id='exception-collection' class='exception-collection'>

                        <li class='exception displayed active'>
                            <div class='exception-heading'>
                                <span class='exception-name'>java.lang.AssertionError</span>
                                <span class='exception-count right'><span class='label red lighten-1 white-text'>5</span></span>
                            </div>
                            <div class='exception-content hide'>
                                <div class='exception-tests'>
                                    <table class='bordered table-results'>
                                        <thead>
                                        <tr>
                                            <th>Timestamp</th>
                                            <th>TestName</th>
                                            <th>Status</th>
                                        </tr>
                                        </thead>
                                        <tbody>
                                                    <tr>
                                                        <td>Dec 20, 2022 09:13:38 PM</td>
                                                        <td class='linked' test-id='30'>Login Test.Verify that firstname lastname email password and confirm password fields are mandatory.Verify that firstname lastname email password and confirm password fields are mandatory.Then I should see the error message "First name is required." for fieldName "FirstName"</td>
                                                        <td><pre><textarea>java.lang.AssertionError: error message is not displayed expected:<null> but was:<FirstName>
	at org.junit.Assert.fail(Assert.java:88)
	at org.junit.Assert.failNotEquals(Assert.java:743)
	at org.junit.Assert.assertEquals(Assert.java:118)
	at com.nopcommerce.demo.cucumber.steps.RegistrationSteps.iShouldSeeTheErrorMessageForFieldName(RegistrationSteps.java:32)
	at ✽.Then I should see the error message "First name is required." for fieldName "FirstName"(RegisterPage.feature:17)
</textarea></pre></td>
                                                    </tr>
                                                    <tr>
                                                        <td>Dec 20, 2022 09:13:42 PM</td>
                                                        <td class='linked' test-id='35'>Login Test.Verify that firstname lastname email password and confirm password fields are mandatory.Verify that firstname lastname email password and confirm password fields are mandatory.Then I should see the error message "Last name is required." for fieldName "LastName"</td>
                                                        <td><pre><textarea>java.lang.AssertionError: error message is not displayed expected:<null> but was:<LastName>
	at org.junit.Assert.fail(Assert.java:88)
	at org.junit.Assert.failNotEquals(Assert.java:743)
	at org.junit.Assert.assertEquals(Assert.java:118)
	at com.nopcommerce.demo.cucumber.steps.RegistrationSteps.iShouldSeeTheErrorMessageForFieldName(RegistrationSteps.java:32)
	at ✽.Then I should see the error message "Last name is required." for fieldName "LastName"(RegisterPage.feature:17)
</textarea></pre></td>
                                                    </tr>
                                                    <tr>
                                                        <td>Dec 20, 2022 09:13:46 PM</td>
                                                        <td class='linked' test-id='40'>Login Test.Verify that firstname lastname email password and confirm password fields are mandatory.Verify that firstname lastname email password and confirm password fields are mandatory.Then I should see the error message "Email is required." for fieldName "Email"</td>
                                                        <td><pre><textarea>java.lang.AssertionError: error message is not displayed expected:<null> but was:<Email>
	at org.junit.Assert.fail(Assert.java:88)
	at org.junit.Assert.failNotEquals(Assert.java:743)
	at org.junit.Assert.assertEquals(Assert.java:118)
	at com.nopcommerce.demo.cucumber.steps.RegistrationSteps.iShouldSeeTheErrorMessageForFieldName(RegistrationSteps.java:32)
	at ✽.Then I should see the error message "Email is required." for fieldName "Email"(RegisterPage.feature:17)
</textarea></pre></td>
                                                    </tr>
                                                    <tr>
                                                        <td>Dec 20, 2022 09:13:51 PM</td>
                                                        <td class='linked' test-id='45'>Login Test.Verify that firstname lastname email password and confirm password fields are mandatory.Verify that firstname lastname email password and confirm password fields are mandatory.Then I should see the error message "Password is required." for fieldName "Password"</td>
                                                        <td><pre><textarea>java.lang.AssertionError: error message is not displayed expected:<null> but was:<Password>
	at org.junit.Assert.fail(Assert.java:88)
	at org.junit.Assert.failNotEquals(Assert.java:743)
	at org.junit.Assert.assertEquals(Assert.java:118)
	at com.nopcommerce.demo.cucumber.steps.RegistrationSteps.iShouldSeeTheErrorMessageForFieldName(RegistrationSteps.java:32)
	at ✽.Then I should see the error message "Password is required." for fieldName "Password"(RegisterPage.feature:17)
</textarea></pre></td>
                                                    </tr>
                                                    <tr>
                                                        <td>Dec 20, 2022 09:13:55 PM</td>
                                                        <td class='linked' test-id='50'>Login Test.Verify that firstname lastname email password and confirm password fields are mandatory.Verify that firstname lastname email password and confirm password fields are mandatory.Then I should see the error message "Password is required." for fieldName "ConfirmPassword"</td>
                                                        <td><pre><textarea>java.lang.AssertionError: error message is not displayed expected:<null> but was:<ConfirmPassword>
	at org.junit.Assert.fail(Assert.java:88)
	at org.junit.Assert.failNotEquals(Assert.java:743)
	at org.junit.Assert.assertEquals(Assert.java:118)
	at com.nopcommerce.demo.cucumber.steps.RegistrationSteps.iShouldSeeTheErrorMessageForFieldName(RegistrationSteps.java:32)
	at ✽.Then I should see the error message "Password is required." for fieldName "ConfirmPassword"(RegisterPage.feature:17)
</textarea></pre></td>
                                                    </tr>
                                        </tbody>
                                    </table>
                                </div>
                            </div>
                        </li>
                </ul>
        </div>
    </div>

    <div class='subview-right left'>
        <div class='view-summary'>
            <h5 class='exception-name'></h5>
        </div>
    </div>
</div>
<!-- exception view -->
<div id='dashboard-view' class='view hide'>
	<div class='card-panel transparent np-v'>
		<h5>Dashboard</h5>

		<div class='row'>
			<div class='col s2'>
				<div class='card-panel r'>
					Features
					<div class='panel-lead'>2</div>
				</div>
			</div>
			<div class='col s2'>
				<div class='card-panel r'>
					Scenarios
					<div class='panel-lead'>8</div>
				</div>
			</div>
			<div class='col s2'>
				<div class='card-panel r'>
					Steps
					<div class='panel-lead'>38</div>
				</div>
			</div>
			<div class='col s2'>
				<div class='card-panel r'>
					Start
					<div class='panel-lead'>Dec 20, 2022 09:13:16 PM</div>
				</div>
			</div>
			<div class='col s2'>
				<div class='card-panel r'>
			 		End
			 		<div class='panel-lead'>Dec 20, 2022 09:13:56 PM</div>
				</div>
			</div>
			<div class='col s2'>
				<div class='card-panel r'>
					Time Taken
					<div class='panel-lead'>40,426ms</div>
				</div>
			</div>
			<div class='col s4'>
				<div class='card-panel dashboard-environment'>
					<span class='right label cyan white-text'>Environment</span><p>&nbsp;</p>
					
					<table>
						<tr>
							<th>Name</th>
							<th>Value</th>
						</tr>
							<tr>
								<td>User Name</td>
								<td>Manas Vibhakar</td>
							</tr>
							<tr>
								<td>Time Zone</td>
								<td>Europe/London</td>
							</tr>
							<tr>
								<td>Machine</td>
								<td>Windows 1064 Bit</td>
							</tr>
							<tr>
								<td>Selenium</td>
								<td>3.141.59</td>
							</tr>
							<tr>
								<td>Maven</td>
								<td>3.5.9</td>
							</tr>
							<tr>
								<td>Java Version</td>
								<td>1.8.0_151</td>
							</tr>
					</table>
				</div>
			</div>
			<div class='col s6'>
				<div class='card-panel dashboard-categories'>
					<span class='right label cyan white-text'>Categories</span><p>&nbsp;</p>
					
					<table>
						<tr>
							<th>Name</th>
							<th>Passed</th>
							<th>Failed</th>
							<th>Others</th>
							<th>Passed %</th>
						</tr>
						<tr>
							<td>@regression</td>
							<td>4</td>
							<td>6</td>
							<td>0</td>
							<td>
									40%
							</td>
						</tr>
						<tr>
							<td>@sanity</td>
							<td>3</td>
							<td>5</td>
							<td>0</td>
							<td>
									37.5%
							</td>
						</tr>
					</table>
				</div>
			</div>
		</div>
	</div>
</div>
<!-- dashboard view -->
<!-- testrunner-logs view -->
		</div>
		<!-- container -->

		<script>
			var statusGroup = {
				passParent: 1,
				failParent: 1,
				fatalParent: 0,
				errorParent: 0,
				warningParent: 0,
				skipParent: 0,
				exceptionsParent: 1,
				
				passChild: 3,
				failChild: 5,
				fatalChild: 0,
				errorChild: 0,
				warningChild: 0,
				skipChild: 0,
				infoChild: 0,
				exceptionsChild: 5,
				
				passGrandChild: 33,
				failGrandChild: 5,
				fatalGrandChild: 0,
				errorGrandChild: 0,
				warningGrandChild: 0,
				skipGrandChild: 0,
				infoGrandChild: 0,
				exceptionsGrandChild: 5,
			};
		</script>
		
			<script src='https://cdn.rawgit.com/anshooarora/extentreports-java/fca20fb7653aade98810546ab96a2a4360e3e712/dist/js/extent.js' type='text/javascript'></script>
		
		
 		<script type='text/javascript'>
 			
            
        $(document).ready(function() {

        });
      
        
 		</script>
	</body>
	
</html>
